[2025-01-15 11:57:39,811: INFO: main: Welcome]
[2025-01-16 13:04:35,986: INFO: main: Welcome]
[2025-01-16 13:57:48,272: INFO: main: >>>>>> stage Data Ingestion stage started <<<<<<]
[2025-01-16 13:57:48,273: INFO: common: yaml file: config\config.yaml loaded successfully]
[2025-01-16 13:57:48,273: INFO: common: yaml file: params.yaml loaded successfully]
[2025-01-16 13:57:48,274: INFO: common: yaml file: schema.yaml loaded successfully]
[2025-01-16 13:57:48,274: INFO: common: created directory at: artifacts]
[2025-01-16 13:57:48,275: INFO: common: created directory at: artifacts/data_ingestion]
[2025-01-16 13:57:48,275: INFO: data_ingestion: File already exists of size: ~ 23 KB]
[2025-01-16 13:57:48,289: INFO: main: >>>>>> stage Data Ingestion stage completed <<<<<<

x==========x]
[2025-01-17 11:16:08,842: INFO: common: yaml file: config\config.yaml loaded successfully]
[2025-01-17 11:16:08,860: INFO: common: yaml file: params.yaml loaded successfully]
[2025-01-17 11:16:08,861: INFO: common: yaml file: schema.yaml loaded successfully]
[2025-01-17 11:16:08,862: INFO: common: created directory at: artifacts]
[2025-01-17 11:24:55,164: INFO: common: yaml file: config\config.yaml loaded successfully]
[2025-01-17 11:24:55,165: INFO: common: yaml file: params.yaml loaded successfully]
[2025-01-17 11:24:55,166: INFO: common: yaml file: schema.yaml loaded successfully]
[2025-01-17 11:24:55,167: INFO: common: created directory at: artifacts]
[2025-01-17 11:26:54,676: INFO: common: yaml file: config\config.yaml loaded successfully]
[2025-01-17 11:26:54,677: INFO: common: yaml file: params.yaml loaded successfully]
[2025-01-17 11:26:54,680: INFO: common: yaml file: schema.yaml loaded successfully]
[2025-01-17 11:26:54,681: INFO: common: created directory at: artifacts]
[2025-01-17 11:26:54,682: INFO: common: created directory at: artifacts/data_validation]
[2025-01-17 11:51:07,530: INFO: main: >>>>>> stage Data Ingestion stage started <<<<<<]
[2025-01-17 11:51:07,532: INFO: common: yaml file: config\config.yaml loaded successfully]
[2025-01-17 11:51:07,532: INFO: common: yaml file: params.yaml loaded successfully]
[2025-01-17 11:51:07,534: INFO: common: yaml file: schema.yaml loaded successfully]
[2025-01-17 11:51:07,534: INFO: common: created directory at: artifacts]
[2025-01-17 11:51:07,534: INFO: common: created directory at: artifacts/data_ingestion]
[2025-01-17 11:51:07,535: INFO: data_ingestion: File already exists of size: ~ 23 KB]
[2025-01-17 11:51:07,581: INFO: main: >>>>>> stage Data Ingestion stage completed <<<<<<

x==========x]
[2025-01-17 11:51:07,582: INFO: main: >>>>>> stage Data Validation stage started <<<<<<]
[2025-01-17 11:51:07,582: ERROR: main: __init__() missing 1 required positional argument: 'config']
Traceback (most recent call last):
  File "d:/Github/End-to-End-MLOps-Project/main.py", line 18, in <module>
    data_ingestion = DataValidationTrainingPipeline()
TypeError: __init__() missing 1 required positional argument: 'config'
[2025-01-17 11:55:21,609: INFO: main: >>>>>> stage Data Ingestion stage started <<<<<<]
[2025-01-17 11:55:21,611: INFO: common: yaml file: config\config.yaml loaded successfully]
[2025-01-17 11:55:21,611: INFO: common: yaml file: params.yaml loaded successfully]
[2025-01-17 11:55:21,613: INFO: common: yaml file: schema.yaml loaded successfully]
[2025-01-17 11:55:21,614: INFO: common: created directory at: artifacts]
[2025-01-17 11:55:21,614: INFO: common: created directory at: artifacts/data_ingestion]
[2025-01-17 11:55:21,614: INFO: data_ingestion: File already exists of size: ~ 23 KB]
[2025-01-17 11:55:21,616: INFO: main: >>>>>> stage Data Ingestion stage completed <<<<<<

x==========x]
[2025-01-17 11:55:21,616: INFO: main: >>>>>> stage Data Validation stage started <<<<<<]
[2025-01-17 11:55:21,617: ERROR: main: name 'data_validation_config' is not defined]
Traceback (most recent call last):
  File "d:/Github/End-to-End-MLOps-Project/main.py", line 18, in <module>
    data_ingestion = DataValidationTrainingPipeline(config=data_validation_config)
NameError: name 'data_validation_config' is not defined
[2025-01-17 11:55:35,747: INFO: main: >>>>>> stage Data Ingestion stage started <<<<<<]
[2025-01-17 11:55:35,748: INFO: common: yaml file: config\config.yaml loaded successfully]
[2025-01-17 11:55:35,749: INFO: common: yaml file: params.yaml loaded successfully]
[2025-01-17 11:55:35,751: INFO: common: yaml file: schema.yaml loaded successfully]
[2025-01-17 11:55:35,751: INFO: common: created directory at: artifacts]
[2025-01-17 11:55:35,752: INFO: common: created directory at: artifacts/data_ingestion]
[2025-01-17 11:55:35,752: INFO: data_ingestion: File already exists of size: ~ 23 KB]
[2025-01-17 11:55:35,754: INFO: main: >>>>>> stage Data Ingestion stage completed <<<<<<

x==========x]
[2025-01-17 11:55:35,754: INFO: main: >>>>>> stage Data Validation stage started <<<<<<]
[2025-01-17 11:55:35,754: ERROR: main: __init__() missing 1 required positional argument: 'config']
Traceback (most recent call last):
  File "d:/Github/End-to-End-MLOps-Project/main.py", line 18, in <module>
    data_ingestion = DataValidationTrainingPipeline()
TypeError: __init__() missing 1 required positional argument: 'config'
[2025-01-17 12:42:28,931: INFO: stage_02_data_validation: >>>>>> stage Data Validation stage started <<<<<<]
[2025-01-17 12:42:28,932: INFO: common: yaml file: config\config.yaml loaded successfully]
[2025-01-17 12:42:28,933: INFO: common: yaml file: params.yaml loaded successfully]
[2025-01-17 12:42:28,935: INFO: common: yaml file: schema.yaml loaded successfully]
[2025-01-17 12:42:28,936: INFO: common: created directory at: artifacts]
[2025-01-17 12:42:28,936: INFO: common: created directory at: artifacts/data_validation]
[2025-01-17 12:42:28,951: INFO: stage_02_data_validation: >>>>>> stage Data Validation stage completed <<<<<<

x==========x]
[2025-01-17 12:44:09,523: INFO: main: >>>>>> stage Data Ingestion stage started <<<<<<]
[2025-01-17 12:44:09,524: INFO: common: yaml file: config\config.yaml loaded successfully]
[2025-01-17 12:44:09,524: INFO: common: yaml file: params.yaml loaded successfully]
[2025-01-17 12:44:09,526: INFO: common: yaml file: schema.yaml loaded successfully]
[2025-01-17 12:44:09,526: INFO: common: created directory at: artifacts]
[2025-01-17 12:44:09,526: INFO: common: created directory at: artifacts/data_ingestion]
[2025-01-17 12:44:09,527: INFO: data_ingestion: File already exists of size: ~ 23 KB]
[2025-01-17 12:44:09,578: INFO: main: >>>>>> stage Data Ingestion stage completed <<<<<<

x==========x]
[2025-01-17 12:44:09,579: INFO: main: >>>>>> stage Data Validation stage started <<<<<<]
[2025-01-17 12:44:09,580: INFO: common: yaml file: config\config.yaml loaded successfully]
[2025-01-17 12:44:09,581: INFO: common: yaml file: params.yaml loaded successfully]
[2025-01-17 12:44:09,583: INFO: common: yaml file: schema.yaml loaded successfully]
[2025-01-17 12:44:09,584: INFO: common: created directory at: artifacts]
[2025-01-17 12:44:09,584: INFO: common: created directory at: artifacts/data_validation]
[2025-01-17 12:44:09,606: INFO: main: >>>>>> stage Data Validation stage completed <<<<<<

x==========x]
